TN:
SF:src/database/client.ts
FNF:0
FNH:0
DA:1,0
DA:7,0
DA:9,0
DA:10,0
LF:4
LH:0
BRDA:7,0,0,0
BRDA:7,0,1,0
BRDA:9,1,0,0
BRF:3
BRH:0
end_of_record
TN:
SF:src/services/TaskService.ts
FN:5,(anonymous_0)
FN:35,(anonymous_1)
FN:64,(anonymous_2)
FNF:3
FNH:3
FNDA:4,(anonymous_0)
FNDA:5,(anonymous_1)
FNDA:4,(anonymous_2)
DA:1,3
DA:2,3
DA:4,3
DA:7,4
DA:8,2
DA:12,2
DA:16,2
DA:17,1
DA:21,1
DA:32,1
DA:37,5
DA:38,1
DA:42,4
DA:46,4
DA:47,1
DA:51,3
DA:52,1
DA:56,2
DA:61,2
DA:65,4
DA:67,4
DA:81,4
LF:22
LH:22
BRDA:7,0,0,2
BRDA:7,1,0,4
BRDA:7,1,1,3
BRDA:16,2,0,1
BRDA:25,3,0,1
BRDA:25,3,1,0
BRDA:37,4,0,1
BRDA:46,5,0,1
BRDA:51,6,0,1
BRDA:51,7,0,3
BRDA:51,7,1,2
BRF:11
BRH:10
end_of_record
TN:
SF:src/types/index.ts
FN:1,(anonymous_0)
FN:8,(anonymous_1)
FNF:2
FNH:2
FNDA:3,(anonymous_0)
FNDA:3,(anonymous_1)
DA:1,3
DA:2,3
DA:3,3
DA:4,3
DA:5,3
DA:8,3
DA:9,3
DA:10,3
DA:11,3
DA:12,3
LF:10
LH:10
BRDA:1,0,0,3
BRDA:1,0,1,3
BRDA:8,1,0,3
BRDA:8,1,1,3
BRF:4
BRH:4
end_of_record
